2024/07/06 09:51:57 [notice] 1#1: using the "epoll" event method
2024/07/06 09:51:57 [notice] 1#1: nginx/1.26.1
2024/07/06 09:51:57 [notice] 1#1: built by gcc 13.2.1 20231014 (Alpine 13.2.1_git20231014) 
2024/07/06 09:51:57 [notice] 1#1: OS: Linux 5.15.146.1-microsoft-standard-WSL2
2024/07/06 09:51:57 [notice] 1#1: getrlimit(RLIMIT_NOFILE): 1048576:1048576
2024/07/06 09:51:57 [notice] 1#1: start worker processes
2024/07/06 09:51:57 [notice] 1#1: start worker process 29
2024/07/06 09:51:57 [notice] 1#1: start worker process 30
2024/07/06 09:51:57 [notice] 1#1: start worker process 31
2024/07/06 09:51:57 [notice] 1#1: start worker process 32
2024/07/06 09:51:57 [notice] 1#1: start worker process 33
2024/07/06 09:51:57 [notice] 1#1: start worker process 34
2024/07/06 09:51:57 [notice] 1#1: start worker process 35
2024/07/06 09:51:57 [notice] 1#1: start worker process 36
2024/07/06 09:51:57 [notice] 1#1: start worker process 37
2024/07/06 09:51:57 [notice] 1#1: start worker process 38
2024/07/06 09:51:57 [notice] 1#1: start worker process 39
2024/07/06 09:51:57 [notice] 1#1: start worker process 40
2024/07/06 11:51:38 [notice] 1#1: signal 3 (SIGQUIT) received, shutting down
2024/07/06 11:51:38 [notice] 29#29: gracefully shutting down
2024/07/06 11:51:38 [notice] 34#34: gracefully shutting down
2024/07/06 11:51:38 [notice] 35#35: gracefully shutting down
2024/07/06 11:51:38 [notice] 36#36: gracefully shutting down
2024/07/06 11:51:38 [notice] 37#37: gracefully shutting down
2024/07/06 11:51:38 [notice] 32#32: gracefully shutting down
2024/07/06 11:51:38 [notice] 31#31: gracefully shutting down
2024/07/06 11:51:38 [notice] 33#33: gracefully shutting down
2024/07/06 11:51:38 [notice] 30#30: gracefully shutting down
2024/07/06 11:51:38 [notice] 38#38: gracefully shutting down
2024/07/06 11:51:38 [notice] 40#40: gracefully shutting down
2024/07/06 11:51:38 [notice] 34#34: exiting
2024/07/06 11:51:38 [notice] 29#29: exiting
2024/07/06 11:51:38 [notice] 37#37: exiting
2024/07/06 11:51:38 [notice] 34#34: exit
2024/07/06 11:51:38 [notice] 29#29: exit
2024/07/06 11:51:38 [notice] 35#35: exiting
2024/07/06 11:51:38 [notice] 37#37: exit
2024/07/06 11:51:38 [notice] 30#30: exiting
2024/07/06 11:51:38 [notice] 35#35: exit
2024/07/06 11:51:38 [notice] 38#38: exiting
2024/07/06 11:51:38 [notice] 33#33: exiting
2024/07/06 11:51:38 [notice] 36#36: exiting
2024/07/06 11:51:38 [notice] 31#31: exiting
2024/07/06 11:51:38 [notice] 32#32: exiting
2024/07/06 11:51:38 [notice] 40#40: exiting
2024/07/06 11:51:38 [notice] 38#38: exit
2024/07/06 11:51:38 [notice] 36#36: exit
2024/07/06 11:51:38 [notice] 30#30: exit
2024/07/06 11:51:38 [notice] 32#32: exit
2024/07/06 11:51:38 [notice] 31#31: exit
2024/07/06 11:51:38 [notice] 40#40: exit
2024/07/06 11:51:38 [notice] 33#33: exit
2024/07/06 11:51:38 [notice] 39#39: gracefully shutting down
2024/07/06 11:51:38 [notice] 39#39: exiting
2024/07/06 11:51:38 [notice] 39#39: exit
2024/07/06 11:51:38 [notice] 1#1: signal 17 (SIGCHLD) received from 30
2024/07/06 11:51:38 [notice] 1#1: worker process 30 exited with code 0
2024/07/06 11:51:38 [notice] 1#1: worker process 38 exited with code 0
2024/07/06 11:51:38 [notice] 1#1: signal 29 (SIGIO) received
2024/07/06 11:51:38 [notice] 1#1: signal 17 (SIGCHLD) received from 38
2024/07/06 11:51:38 [notice] 1#1: signal 17 (SIGCHLD) received from 37
2024/07/06 11:51:38 [notice] 1#1: worker process 37 exited with code 0
2024/07/06 11:51:38 [notice] 1#1: signal 29 (SIGIO) received
2024/07/06 11:51:38 [notice] 1#1: signal 17 (SIGCHLD) received from 40
2024/07/06 11:51:38 [notice] 1#1: worker process 40 exited with code 0
2024/07/06 11:51:38 [notice] 1#1: signal 29 (SIGIO) received
2024/07/06 11:51:38 [notice] 1#1: signal 17 (SIGCHLD) received from 33
2024/07/06 11:51:38 [notice] 1#1: worker process 29 exited with code 0
2024/07/06 11:51:38 [notice] 1#1: worker process 33 exited with code 0
2024/07/06 11:51:38 [notice] 1#1: signal 29 (SIGIO) received
2024/07/06 11:51:38 [notice] 1#1: signal 17 (SIGCHLD) received from 36
2024/07/06 11:51:38 [notice] 1#1: worker process 36 exited with code 0
2024/07/06 11:51:38 [notice] 1#1: signal 29 (SIGIO) received
2024/07/06 11:51:38 [notice] 1#1: signal 17 (SIGCHLD) received from 35
2024/07/06 11:51:38 [notice] 1#1: worker process 35 exited with code 0
2024/07/06 11:51:38 [notice] 1#1: signal 29 (SIGIO) received
2024/07/06 11:51:38 [notice] 1#1: signal 17 (SIGCHLD) received from 31
2024/07/06 11:51:38 [notice] 1#1: worker process 31 exited with code 0
2024/07/06 11:51:38 [notice] 1#1: signal 29 (SIGIO) received
2024/07/06 11:51:38 [notice] 1#1: signal 17 (SIGCHLD) received from 39
2024/07/06 11:51:38 [notice] 1#1: worker process 32 exited with code 0
2024/07/06 11:51:38 [notice] 1#1: worker process 39 exited with code 0
2024/07/06 11:51:38 [notice] 1#1: signal 29 (SIGIO) received
2024/07/06 11:51:38 [notice] 1#1: signal 17 (SIGCHLD) received from 32
2024/07/06 11:51:38 [notice] 1#1: signal 17 (SIGCHLD) received from 34
2024/07/06 11:51:38 [notice] 1#1: worker process 34 exited with code 0
2024/07/06 11:51:38 [notice] 1#1: exit
2024/07/06 18:47:40 [notice] 1#1: using the "epoll" event method
2024/07/06 18:47:40 [notice] 1#1: nginx/1.26.1
2024/07/06 18:47:40 [notice] 1#1: built by gcc 13.2.1 20231014 (Alpine 13.2.1_git20231014) 
2024/07/06 18:47:40 [notice] 1#1: OS: Linux 5.15.146.1-microsoft-standard-WSL2
2024/07/06 18:47:40 [notice] 1#1: getrlimit(RLIMIT_NOFILE): 1048576:1048576
2024/07/06 18:47:40 [notice] 1#1: start worker processes
2024/07/06 18:47:40 [notice] 1#1: start worker process 29
2024/07/06 18:47:40 [notice] 1#1: start worker process 30
2024/07/06 18:47:40 [notice] 1#1: start worker process 31
2024/07/06 18:47:40 [notice] 1#1: start worker process 32
2024/07/06 18:47:40 [notice] 1#1: start worker process 33
2024/07/06 18:47:40 [notice] 1#1: start worker process 34
2024/07/06 18:47:40 [notice] 1#1: start worker process 35
2024/07/06 18:47:40 [notice] 1#1: start worker process 36
2024/07/06 18:47:40 [notice] 1#1: start worker process 37
2024/07/06 18:47:40 [notice] 1#1: start worker process 38
2024/07/06 18:47:40 [notice] 1#1: start worker process 39
2024/07/06 18:47:40 [notice] 1#1: start worker process 40
2024/07/06 18:49:23 [notice] 1#1: signal 3 (SIGQUIT) received, shutting down
2024/07/06 18:49:23 [notice] 29#29: gracefully shutting down
2024/07/06 18:49:23 [notice] 30#30: gracefully shutting down
2024/07/06 18:49:23 [notice] 29#29: exiting
2024/07/06 18:49:23 [notice] 31#31: gracefully shutting down
2024/07/06 18:49:23 [notice] 30#30: exiting
2024/07/06 18:49:23 [notice] 32#32: gracefully shutting down
2024/07/06 18:49:23 [notice] 33#33: gracefully shutting down
2024/07/06 18:49:23 [notice] 31#31: exiting
2024/07/06 18:49:23 [notice] 32#32: exiting
2024/07/06 18:49:23 [notice] 33#33: exiting
2024/07/06 18:49:23 [notice] 35#35: gracefully shutting down
2024/07/06 18:49:23 [notice] 36#36: gracefully shutting down
2024/07/06 18:49:23 [notice] 35#35: exiting
2024/07/06 18:49:23 [notice] 29#29: exit
2024/07/06 18:49:23 [notice] 37#37: gracefully shutting down
2024/07/06 18:49:23 [notice] 38#38: gracefully shutting down
2024/07/06 18:49:23 [notice] 36#36: exiting
2024/07/06 18:49:23 [notice] 30#30: exit
2024/07/06 18:49:23 [notice] 37#37: exiting
2024/07/06 18:49:23 [notice] 38#38: exiting
2024/07/06 18:49:23 [notice] 33#33: exit
2024/07/06 18:49:23 [notice] 32#32: exit
2024/07/06 18:49:23 [notice] 31#31: exit
2024/07/06 18:49:23 [notice] 35#35: exit
2024/07/06 18:49:23 [notice] 40#40: gracefully shutting down
2024/07/06 18:49:23 [notice] 37#37: exit
2024/07/06 18:49:23 [notice] 36#36: exit
2024/07/06 18:49:23 [notice] 38#38: exit
2024/07/06 18:49:23 [notice] 40#40: exiting
2024/07/06 18:49:23 [notice] 40#40: exit
2024/07/06 18:49:23 [notice] 34#34: gracefully shutting down
2024/07/06 18:49:23 [notice] 39#39: gracefully shutting down
2024/07/06 18:49:23 [notice] 34#34: exiting
2024/07/06 18:49:23 [notice] 39#39: exiting
2024/07/06 18:49:23 [notice] 34#34: exit
2024/07/06 18:49:23 [notice] 39#39: exit
2024/07/06 18:49:24 [notice] 1#1: signal 17 (SIGCHLD) received from 29
2024/07/06 18:49:24 [notice] 1#1: worker process 29 exited with code 0
2024/07/06 18:49:24 [notice] 1#1: signal 29 (SIGIO) received
2024/07/06 18:49:24 [notice] 1#1: signal 17 (SIGCHLD) received from 32
2024/07/06 18:49:24 [notice] 1#1: worker process 32 exited with code 0
2024/07/06 18:49:24 [notice] 1#1: worker process 33 exited with code 0
2024/07/06 18:49:24 [notice] 1#1: worker process 30 exited with code 0
2024/07/06 18:49:24 [notice] 1#1: worker process 34 exited with code 0
2024/07/06 18:49:24 [notice] 1#1: worker process 36 exited with code 0
2024/07/06 18:49:24 [notice] 1#1: worker process 38 exited with code 0
2024/07/06 18:49:24 [notice] 1#1: worker process 39 exited with code 0
2024/07/06 18:49:24 [notice] 1#1: worker process 40 exited with code 0
2024/07/06 18:49:24 [notice] 1#1: signal 29 (SIGIO) received
2024/07/06 18:49:24 [notice] 1#1: signal 17 (SIGCHLD) received from 34
2024/07/06 18:49:24 [notice] 1#1: worker process 35 exited with code 0
2024/07/06 18:49:24 [notice] 1#1: signal 29 (SIGIO) received
2024/07/06 18:49:24 [notice] 1#1: signal 17 (SIGCHLD) received from 31
2024/07/06 18:49:24 [notice] 1#1: worker process 31 exited with code 0
2024/07/06 18:49:24 [notice] 1#1: signal 29 (SIGIO) received
2024/07/06 18:54:47 [notice] 1#1: using the "epoll" event method
2024/07/06 18:54:47 [notice] 1#1: nginx/1.26.1
2024/07/06 18:54:47 [notice] 1#1: built by gcc 13.2.1 20231014 (Alpine 13.2.1_git20231014) 
2024/07/06 18:54:47 [notice] 1#1: OS: Linux 5.15.146.1-microsoft-standard-WSL2
2024/07/06 18:54:47 [notice] 1#1: getrlimit(RLIMIT_NOFILE): 1048576:1048576
2024/07/06 18:54:47 [notice] 1#1: start worker processes
2024/07/06 18:54:47 [notice] 1#1: start worker process 29
2024/07/06 18:54:47 [notice] 1#1: start worker process 30
2024/07/06 18:54:47 [notice] 1#1: start worker process 31
2024/07/06 18:54:47 [notice] 1#1: start worker process 32
2024/07/06 18:54:47 [notice] 1#1: start worker process 33
2024/07/06 18:54:47 [notice] 1#1: start worker process 34
2024/07/06 18:54:47 [notice] 1#1: start worker process 35
2024/07/06 18:54:47 [notice] 1#1: start worker process 36
2024/07/06 18:54:47 [notice] 1#1: start worker process 37
2024/07/06 18:54:47 [notice] 1#1: start worker process 38
2024/07/06 18:54:47 [notice] 1#1: start worker process 39
2024/07/06 18:54:47 [notice] 1#1: start worker process 40
2024/07/06 19:56:57 [notice] 1#1: signal 3 (SIGQUIT) received, shutting down
2024/07/06 19:56:57 [notice] 29#29: gracefully shutting down
2024/07/06 19:56:57 [notice] 30#30: gracefully shutting down
2024/07/06 19:56:57 [notice] 36#36: gracefully shutting down
2024/07/06 19:56:57 [notice] 31#31: gracefully shutting down
2024/07/06 19:56:57 [notice] 39#39: gracefully shutting down
2024/07/06 19:56:57 [notice] 35#35: gracefully shutting down
2024/07/06 19:56:57 [notice] 34#34: gracefully shutting down
2024/07/06 19:56:57 [notice] 37#37: gracefully shutting down
2024/07/06 19:56:57 [notice] 33#33: gracefully shutting down
2024/07/06 19:56:57 [notice] 38#38: gracefully shutting down
2024/07/06 19:56:57 [notice] 32#32: gracefully shutting down
2024/07/06 19:56:57 [notice] 40#40: gracefully shutting down
2024/07/06 19:56:57 [notice] 30#30: exiting
2024/07/06 19:56:57 [notice] 39#39: exiting
2024/07/06 19:56:57 [notice] 31#31: exiting
2024/07/06 19:56:57 [notice] 36#36: exiting
2024/07/06 19:56:57 [notice] 40#40: exiting
2024/07/06 19:56:57 [notice] 33#33: exiting
2024/07/06 19:56:57 [notice] 38#38: exiting
2024/07/06 19:56:57 [notice] 34#34: exiting
2024/07/06 19:56:57 [notice] 35#35: exiting
2024/07/06 19:56:57 [notice] 37#37: exiting
2024/07/06 19:56:57 [notice] 32#32: exiting
2024/07/06 19:56:57 [notice] 39#39: exit
2024/07/06 19:56:57 [notice] 31#31: exit
2024/07/06 19:56:57 [notice] 40#40: exit
2024/07/06 19:56:57 [notice] 36#36: exit
2024/07/06 19:56:57 [notice] 30#30: exit
2024/07/06 19:56:57 [notice] 33#33: exit
2024/07/06 19:56:57 [notice] 34#34: exit
2024/07/06 19:56:57 [notice] 38#38: exit
2024/07/06 19:56:57 [notice] 35#35: exit
2024/07/06 19:56:57 [notice] 37#37: exit
2024/07/06 19:56:57 [notice] 32#32: exit
2024/07/06 19:56:57 [notice] 29#29: exiting
2024/07/06 19:56:57 [notice] 29#29: exit
2024/07/06 19:56:57 [notice] 1#1: signal 17 (SIGCHLD) received from 35
2024/07/06 19:56:57 [notice] 1#1: worker process 29 exited with code 0
2024/07/06 19:56:57 [notice] 1#1: worker process 32 exited with code 0
2024/07/06 19:56:57 [notice] 1#1: worker process 33 exited with code 0
2024/07/06 19:56:57 [notice] 1#1: worker process 35 exited with code 0
2024/07/06 19:56:57 [notice] 1#1: worker process 36 exited with code 0
2024/07/06 19:56:57 [notice] 1#1: worker process 39 exited with code 0
2024/07/06 19:56:57 [notice] 1#1: signal 29 (SIGIO) received
2024/07/06 19:56:57 [notice] 1#1: signal 17 (SIGCHLD) received from 37
2024/07/06 19:56:57 [notice] 1#1: worker process 37 exited with code 0
2024/07/06 19:56:57 [notice] 1#1: signal 29 (SIGIO) received
2024/07/06 19:56:57 [notice] 1#1: signal 17 (SIGCHLD) received from 38
2024/07/06 19:56:57 [notice] 1#1: worker process 31 exited with code 0
2024/07/06 19:56:57 [notice] 1#1: worker process 38 exited with code 0
2024/07/06 19:56:57 [notice] 1#1: worker process 40 exited with code 0
2024/07/06 19:56:57 [notice] 1#1: signal 29 (SIGIO) received
2024/07/06 19:56:57 [notice] 1#1: signal 17 (SIGCHLD) received from 34
2024/07/06 19:56:57 [notice] 1#1: worker process 30 exited with code 0
2024/07/06 19:56:57 [notice] 1#1: worker process 34 exited with code 0
2024/07/06 19:56:57 [notice] 1#1: exit
2024/07/11 15:59:23 [notice] 1#1: using the "epoll" event method
2024/07/11 15:59:23 [notice] 1#1: nginx/1.26.1
2024/07/11 15:59:23 [notice] 1#1: built by gcc 13.2.1 20231014 (Alpine 13.2.1_git20231014) 
2024/07/11 15:59:23 [notice] 1#1: OS: Linux 5.15.146.1-microsoft-standard-WSL2
2024/07/11 15:59:23 [notice] 1#1: getrlimit(RLIMIT_NOFILE): 1048576:1048576
2024/07/11 15:59:23 [notice] 1#1: start worker processes
2024/07/11 15:59:23 [notice] 1#1: start worker process 29
2024/07/11 15:59:23 [notice] 1#1: start worker process 30
2024/07/11 15:59:23 [notice] 1#1: start worker process 31
2024/07/11 15:59:23 [notice] 1#1: start worker process 32
2024/07/11 15:59:23 [notice] 1#1: start worker process 33
2024/07/11 15:59:23 [notice] 1#1: start worker process 34
2024/07/11 15:59:23 [notice] 1#1: start worker process 35
2024/07/11 15:59:23 [notice] 1#1: start worker process 36
2024/07/11 15:59:23 [notice] 1#1: start worker process 37
2024/07/11 15:59:23 [notice] 1#1: start worker process 38
2024/07/11 15:59:23 [notice] 1#1: start worker process 39
2024/07/11 15:59:23 [notice] 1#1: start worker process 40
2024/07/12 07:26:41 [notice] 1#1: using the "epoll" event method
2024/07/12 07:26:41 [notice] 1#1: nginx/1.26.1
2024/07/12 07:26:41 [notice] 1#1: built by gcc 13.2.1 20231014 (Alpine 13.2.1_git20231014) 
2024/07/12 07:26:41 [notice] 1#1: OS: Linux 6.5.0-41-generic
2024/07/12 07:26:41 [notice] 1#1: getrlimit(RLIMIT_NOFILE): 1024:524288
2024/07/12 07:26:41 [notice] 1#1: start worker processes
2024/07/12 07:26:41 [notice] 1#1: start worker process 29
2024/07/12 07:26:41 [notice] 1#1: start worker process 30
2024/07/12 07:26:41 [notice] 1#1: start worker process 31
2024/07/12 07:26:41 [notice] 1#1: start worker process 32
2024/07/12 07:26:41 [notice] 1#1: start worker process 33
2024/07/12 07:26:41 [notice] 1#1: start worker process 34
2024/07/12 07:26:41 [notice] 1#1: start worker process 35
2024/07/12 07:26:41 [notice] 1#1: start worker process 36
2024/07/12 07:26:41 [notice] 1#1: start worker process 37
2024/07/12 07:26:41 [notice] 1#1: start worker process 38
2024/07/12 07:26:41 [notice] 1#1: start worker process 39
2024/07/12 07:26:41 [notice] 1#1: start worker process 40
2024/07/12 07:26:41 [notice] 1#1: start worker process 41
2024/07/12 07:26:41 [notice] 1#1: start worker process 42
2024/07/12 07:26:41 [notice] 1#1: start worker process 43
2024/07/12 07:26:41 [notice] 1#1: start worker process 44
